2025-09-16T11:49:47,487  INFO Gbl:64 JVM: 21.0.8; Eclipse Adoptium; mixed mode, sharing; 64-bit
2025-09-16T11:49:47,489  INFO Gbl:68 OS: Mac OS X; 15.5; aarch64
2025-09-16T11:49:47,489  INFO Gbl:71 CPU cores: 8
2025-09-16T11:49:47,491  INFO Gbl:72 max. Memory: 1024.0MB (1073741824B)
2025-09-16T11:49:47,491  INFO Gbl:114 MATSim-Build: r7f2ea0d07d20e164b577066595eddc23e3659473 ({2025-04-11 08:55:36})
2025-09-16T11:49:47,491  INFO Gbl:76 Command: org.matsim.project.RunMatsim /Users/sand/2025_1/CAPSTONE/git/matsim-example-project/./data/config.xml
2025-09-16T11:49:47,499  INFO ControlerListenerManagerImpl:112 calling notifyStartup on org.matsim.core.controler.ControlerDefaultsModule$1 with priority 0.0
2025-09-16T11:49:47,500  INFO MemoryObserver:42 used RAM: 74 MB  free: 2 MB  total: 77 MB
2025-09-16T11:49:47,526  INFO ControlerListenerManagerImpl:112 calling notifyStartup on org.matsim.guice.DependencyGraphControlerListener with priority 0.0
2025-09-16T11:49:47,561  INFO ControlerListenerManagerImpl:112 calling notifyStartup on org.matsim.counts.CountsControlerListener with priority 0.0
2025-09-16T11:49:47,561  INFO ControlerListenerManagerImpl:112 calling notifyStartup on org.matsim.analysis.ModeChoiceCoverageControlerListener with priority 0.0
2025-09-16T11:49:47,561  INFO ControlerListenerManagerImpl:112 calling notifyStartup on org.matsim.analysis.ModeStatsControlerListener with priority 0.0
2025-09-16T11:49:47,562  INFO ControlerListenerManagerImpl:112 calling notifyStartup on org.matsim.analysis.ScoreStatsControlerListener with priority 0.0
2025-09-16T11:49:47,562  INFO ControlerListenerManagerImpl:115 all ControlerStartupListeners called.
2025-09-16T11:49:47,562  INFO ControllerUtils:99 config dump before iterations start
2025-09-16T11:49:47,571  INFO ControllerUtils:105 === logging config.xml skipped ===
2025-09-16T11:49:47,571  INFO ControllerUtils:106 To enable debug output, set an environment variable i.e. export LOG_LEVEL='debug', or set log.setLogLevel(Level.DEBUG) in your run class.
2025-09-16T11:49:47,571  INFO ControllerUtils:110 Complete config dump done.
2025-09-16T11:49:47,571  INFO ControllerUtils:111 Checking consistency of config...
2025-09-16T11:49:47,571  INFO ScoringConfigGroup$ScoringParameterSet:1607 NO OPENING OR CLOSING TIMES DEFINED!

There is no activity type that has an opening *and* closing time (or opening time and late penalty) defined.
This usually means that the activity chains can be shifted by an arbitrary
number of hours without having an effect on the score of the plans, and thus
resulting in wrong results / traffic patterns.
If you are using MATSim without time adaptation, you can ignore this warning.


2025-09-16T11:49:47,571  INFO VspConfigConsistencyCheckerImpl:62 NOT running vsp config consistency check because vsp defaults checking level is set to IGNORE
2025-09-16T11:49:47,576  INFO ControllerUtils:113 Checking consistency of config done.
2025-09-16T11:49:47,580  INFO EventsManagerImpl:139 === Logging of event-handlers skipped ===
2025-09-16T11:49:47,580  INFO EventsManagerImpl:140 To enable debug output, set an environment variable i.e. export LOG_LEVEL='debug', or set log.setLogLevel(Level.DEBUG) in your run class.
2025-09-16T11:49:47,580  INFO EventsManagerImpl:210     > org.matsim.pt.router.TransitScheduleChangedEvent
2025-09-16T11:49:47,580  INFO EventsManagerImpl:139 === Logging of event-handlers skipped ===
2025-09-16T11:49:47,580  INFO EventsManagerImpl:140 To enable debug output, set an environment variable i.e. export LOG_LEVEL='debug', or set log.setLogLevel(Level.DEBUG) in your run class.
2025-09-16T11:49:47,580  INFO EventsManagerImpl:210     > org.matsim.pt.router.TransitScheduleChangedEvent
2025-09-16T11:49:47,581  INFO SwissRailRaptorData:105 Preparing data for SwissRailRaptor...
2025-09-16T11:49:47,584  INFO SwissRailRaptorData:258 SwissRailRaptor data preparation done. Took 0 seconds.
2025-09-16T11:49:47,585  INFO SwissRailRaptorData:259 SwissRailRaptor statistics:  #routes = 1
2025-09-16T11:49:47,585  INFO SwissRailRaptorData:260 SwissRailRaptor statistics:  #departures = 1
2025-09-16T11:49:47,585  INFO SwissRailRaptorData:261 SwissRailRaptor statistics:  #routeStops = 12
2025-09-16T11:49:47,585  INFO SwissRailRaptorData:262 SwissRailRaptor statistics:  #stopFacilities = 12
2025-09-16T11:49:47,585  INFO SwissRailRaptorData:263 SwissRailRaptor statistics:  #transfers (between routeStops) = 0
2025-09-16T11:49:47,587  INFO NetworkImpl:165  node # 1
2025-09-16T11:49:47,587  INFO NetworkImpl:165  node # 4
2025-09-16T11:49:47,587  INFO NetworkImpl:165  node # 16
2025-09-16T11:49:47,587  INFO NetworkImpl:165  node # 64
2025-09-16T11:49:47,588  INFO NetworkImpl:165  node # 256
2025-09-16T11:49:47,588  INFO NetworkImpl:161  link # 1
2025-09-16T11:49:47,588  INFO NetworkImpl:161  link # 4
2025-09-16T11:49:47,588  INFO NetworkImpl:161  link # 16
2025-09-16T11:49:47,589  INFO NetworkImpl:161  link # 64
2025-09-16T11:49:47,590  INFO NetworkImpl:161  link # 256
2025-09-16T11:49:47,595  INFO NetworkRoutingProvider:151 Checking network for mode 'car' for consistency...
2025-09-16T11:49:47,597  INFO MultimodalNetworkCleaner:104 running org.matsim.core.network.algorithms.MultimodalNetworkCleaner algorithm for modes [car] with connectivity modes []...
2025-09-16T11:49:47,599  INFO MultimodalNetworkCleaner:108   checking 259 nodes and 503 links for dead-ends...
2025-09-16T11:49:47,602  INFO MultimodalNetworkCleaner:126     The biggest cluster consists of 503 links.
2025-09-16T11:49:47,602  INFO MultimodalNetworkCleaner:127   done.
2025-09-16T11:49:47,602  INFO MultimodalNetworkCleaner:151   resulting network contains 259 nodes and 503 links.
2025-09-16T11:49:47,602  INFO MultimodalNetworkCleaner:153 done.
2025-09-16T11:49:47,604  WARN RandomizingTimeDistanceTravelDisutilityFactory:113 There will be no routing randomness. The randomization of the travel disutility requires the monetary distance rate to be different than zero. Continuing anyway.
2025-09-16T11:49:47,604  WARN RandomizingTimeDistanceTravelDisutilityFactory:118 There will be no routing randomness. The randomization of the travel disutility requires the travel time cost rate to be different than zero. Continuing anyway.
2025-09-16T11:49:47,604  INFO RandomizingTimeDistanceTravelDisutilityFactory:86  sigma: 3.0; resulting normalization: 0.011108996538242306
2025-09-16T11:49:47,606  INFO SpeedyALTData:51 find dead ends...
2025-09-16T11:49:47,607  INFO SpeedyALTData:132 calculate landmarks...
2025-09-16T11:49:47,614  INFO SpeedyALTData:173 calculate min travelcost...
2025-09-16T11:49:47,614  WARN NetworkRoutingProvider:137 [mode: car; routingMode: car] Using deprecated routing module without access/egress. Consider using AccessEgressNetworkRouter instead.
2025-09-16T11:49:47,615  INFO SpeedyALTData:51 find dead ends...
2025-09-16T11:49:47,616  INFO SpeedyALTData:132 calculate landmarks...
2025-09-16T11:49:47,620  INFO SpeedyALTData:173 calculate min travelcost...
2025-09-16T11:49:47,622  INFO RandomizingTimeDistanceTravelDisutilityFactory:86  sigma: 3.0; resulting normalization: 0.011108996538242306
2025-09-16T11:49:47,622  WARN NetworkRoutingProvider:137 [mode: car; routingMode: car] Using deprecated routing module without access/egress. Consider using AccessEgressNetworkRouter instead.
2025-09-16T11:49:47,623  INFO Counter:75 [PersonPrepareForSim] handled person # 0
2025-09-16T11:49:47,623  INFO AbstractController:136 ###################################################
2025-09-16T11:49:47,623  INFO AbstractController:137 ### ITERATION 0 BEGINS
2025-09-16T11:49:47,624  INFO ControlerListenerManagerImpl:156 calling notifyIterationStarts on org.matsim.analysis.LegTimesControlerListener with priority 0.0
2025-09-16T11:49:47,624  INFO EventsManagerImpl:139 === Logging of event-handlers skipped ===
2025-09-16T11:49:47,624  INFO EventsManagerImpl:140 To enable debug output, set an environment variable i.e. export LOG_LEVEL='debug', or set log.setLogLevel(Level.DEBUG) in your run class.
2025-09-16T11:49:47,624  INFO EventsManagerImpl:210     > org.matsim.api.core.v01.events.PersonDepartureEvent
2025-09-16T11:49:47,624  INFO EventsManagerImpl:210     > org.matsim.api.core.v01.events.PersonArrivalEvent
2025-09-16T11:49:47,624  INFO EventsManagerImpl:210     > org.matsim.api.core.v01.events.ActivityEndEvent
2025-09-16T11:49:47,624  INFO EventsManagerImpl:210     > org.matsim.api.core.v01.events.ActivityStartEvent
2025-09-16T11:49:47,624  INFO EventsManagerImpl:139 === Logging of event-handlers skipped ===
2025-09-16T11:49:47,624  INFO EventsManagerImpl:140 To enable debug output, set an environment variable i.e. export LOG_LEVEL='debug', or set log.setLogLevel(Level.DEBUG) in your run class.
2025-09-16T11:49:47,624  INFO EventsManagerImpl:210     > org.matsim.api.core.v01.events.PersonDepartureEvent
2025-09-16T11:49:47,624  INFO EventsManagerImpl:210     > org.matsim.api.core.v01.events.PersonArrivalEvent
2025-09-16T11:49:47,624  INFO EventsManagerImpl:210     > org.matsim.api.core.v01.events.ActivityEndEvent
2025-09-16T11:49:47,625  INFO EventsManagerImpl:210     > org.matsim.api.core.v01.events.ActivityStartEvent
2025-09-16T11:49:47,625  INFO ControlerListenerManagerImpl:156 calling notifyIterationStarts on org.matsim.analysis.LegHistogramListener with priority 0.0
2025-09-16T11:49:47,625  INFO EventsManagerImpl:139 === Logging of event-handlers skipped ===
2025-09-16T11:49:47,625  INFO EventsManagerImpl:140 To enable debug output, set an environment variable i.e. export LOG_LEVEL='debug', or set log.setLogLevel(Level.DEBUG) in your run class.
2025-09-16T11:49:47,625  INFO EventsManagerImpl:210     > org.matsim.api.core.v01.events.PersonDepartureEvent
2025-09-16T11:49:47,625  INFO EventsManagerImpl:210     > org.matsim.api.core.v01.events.PersonArrivalEvent
2025-09-16T11:49:47,625  INFO EventsManagerImpl:210     > org.matsim.api.core.v01.events.PersonStuckEvent
2025-09-16T11:49:47,625  INFO EventsManagerImpl:139 === Logging of event-handlers skipped ===
2025-09-16T11:49:47,625  INFO EventsManagerImpl:140 To enable debug output, set an environment variable i.e. export LOG_LEVEL='debug', or set log.setLogLevel(Level.DEBUG) in your run class.
2025-09-16T11:49:47,625  INFO EventsManagerImpl:210     > org.matsim.api.core.v01.events.PersonDepartureEvent
2025-09-16T11:49:47,625  INFO EventsManagerImpl:210     > org.matsim.api.core.v01.events.PersonArrivalEvent
2025-09-16T11:49:47,625  INFO EventsManagerImpl:210     > org.matsim.api.core.v01.events.PersonStuckEvent
2025-09-16T11:49:47,625  INFO ControlerListenerManagerImpl:156 calling notifyIterationStarts on org.matsim.analysis.LinkStatsControlerListener with priority 0.0
2025-09-16T11:49:47,625  INFO ControlerListenerManagerImpl:156 calling notifyIterationStarts on org.matsim.core.replanning.ReplanningContextImpl with priority 0.0
2025-09-16T11:49:47,625  INFO ControlerListenerManagerImpl:156 calling notifyIterationStarts on org.matsim.core.scoring.ScoringFunctionsForPopulation$$Lambda/0x000000700134e310 with priority 0.0
2025-09-16T11:49:47,625  INFO ControlerListenerManagerImpl:156 calling notifyIterationStarts on org.matsim.core.scoring.ExperiencedPlansServiceImpl$1 with priority 0.0
2025-09-16T11:49:47,626  INFO ControlerListenerManagerImpl:159 [it.0] all ControlerIterationStartsListeners called.
2025-09-16T11:49:47,626  INFO ControlerListenerManagerImpl:242 calling notifyBeforeMobsim on org.matsim.core.controler.corelisteners.EventsHandlingImpl with priority 0.0
2025-09-16T11:49:47,626  INFO EventsManagerImpl:173 resetting Event-Handlers
2025-09-16T11:49:47,626  INFO EventsManagerImpl:180   org.matsim.core.trafficmonitoring.TravelTimeCalculator
2025-09-16T11:49:47,626  INFO EventsManagerImpl:180   org.matsim.analysis.VolumesAnalyzer
2025-09-16T11:49:47,626  INFO EventsManagerImpl:180   org.matsim.core.scoring.ScoringFunctionsForPopulation
2025-09-16T11:49:47,626  INFO EventsManagerImpl:180   org.matsim.analysis.LegHistogram
2025-09-16T11:49:47,626  INFO EventsManagerImpl:180   org.matsim.analysis.CalcLegTimes
2025-09-16T11:49:47,627  INFO EventsManagerImpl:180   ch.sbb.matsim.routing.pt.raptor.SwissRailRaptorFactory$$Lambda/0x000000700139ba88
2025-09-16T11:49:47,628  INFO EventsManagerImpl:139 === Logging of event-handlers skipped ===
2025-09-16T11:49:47,628  INFO EventsManagerImpl:140 To enable debug output, set an environment variable i.e. export LOG_LEVEL='debug', or set log.setLogLevel(Level.DEBUG) in your run class.
2025-09-16T11:49:47,628  INFO EventsManagerImpl:210     > org.matsim.api.core.v01.events.Event
2025-09-16T11:49:47,628  INFO EventsManagerImpl:139 === Logging of event-handlers skipped ===
2025-09-16T11:49:47,629  INFO EventsManagerImpl:140 To enable debug output, set an environment variable i.e. export LOG_LEVEL='debug', or set log.setLogLevel(Level.DEBUG) in your run class.
2025-09-16T11:49:47,629  INFO EventsManagerImpl:210     > org.matsim.api.core.v01.events.Event
2025-09-16T11:49:47,629  INFO ControlerListenerManagerImpl:242 calling notifyBeforeMobsim on org.matsim.core.controler.corelisteners.PlansDumpingImpl with priority 0.0
2025-09-16T11:49:47,629  INFO PlansDumpingImpl:77 dumping plans...
2025-09-16T11:49:47,647  INFO Counter:75 [ParallelPopulationWriterV6] dumped person # 0
2025-09-16T11:49:47,648  INFO PopulationWriter:150 Population written to: output/visualize/ITERS/it.0/0.plans.xml.gz
2025-09-16T11:49:47,649  INFO Counter:75 [PopulationWriter] dumped person # 0
2025-09-16T11:49:47,649  INFO PlansDumpingImpl:94 finished plans dump.
2025-09-16T11:49:47,650  INFO ControlerListenerManagerImpl:248 calling notifyBeforeMobsim on org.matsim.core.population.VspPlansCleaner with priority 0.0
2025-09-16T11:49:47,650  INFO ControlerListenerManagerImpl:251 [it.0] all ControlerBeforeMobsimListeners called.
2025-09-16T11:49:47,651  INFO RandomizingTimeDistanceTravelDisutilityFactory:86  sigma: 3.0; resulting normalization: 0.011108996538242306
2025-09-16T11:49:47,651  WARN NetworkRoutingProvider:137 [mode: car; routingMode: car] Using deprecated routing module without access/egress. Consider using AccessEgressNetworkRouter instead.
2025-09-16T11:49:47,651  INFO RandomizingTimeDistanceTravelDisutilityFactory:86  sigma: 3.0; resulting normalization: 0.011108996538242306
2025-09-16T11:49:47,651  WARN NetworkRoutingProvider:137 [mode: car; routingMode: car] Using deprecated routing module without access/egress. Consider using AccessEgressNetworkRouter instead.
2025-09-16T11:49:47,652  INFO Counter:75 [PersonPrepareForSim] handled person # 0
2025-09-16T11:49:47,677  INFO MobsimListenerManager:50 calling addQueueSimulationListener
2025-09-16T11:49:47,677  INFO MobsimListenerManager:54   assigned class org.matsim.core.mobsim.framework.listeners.MobsimListener to interface org.matsim.core.mobsim.framework.listeners.MobsimListener
2025-09-16T11:49:47,677  INFO MobsimListenerManager:54   assigned class org.matsim.core.mobsim.framework.listeners.MobsimListener to interface org.matsim.core.mobsim.framework.listeners.MobsimAfterSimStepListener
2025-09-16T11:49:47,678  INFO MobsimListenerManager:54   assigned class org.matsim.core.mobsim.framework.listeners.MobsimListener to interface org.matsim.core.mobsim.framework.listeners.MobsimInitializedListener
2025-09-16T11:49:47,678  INFO MobsimListenerManager:54   assigned class org.matsim.core.mobsim.framework.listeners.MobsimListener to interface org.matsim.vis.snapshotwriters.SnapshotWriterManager
2025-09-16T11:49:47,678  INFO MobsimListenerManager:54   assigned class org.matsim.core.mobsim.framework.listeners.MobsimListener to interface org.matsim.core.mobsim.framework.listeners.MobsimBeforeCleanupListener
2025-09-16T11:49:47,681  INFO QSimProvider:131 Added MobsimEngine class org.matsim.core.mobsim.qsim.ActivityEngineDefaultImpl
2025-09-16T11:49:47,681  INFO QSimProvider:137 Added Activityhandler class org.matsim.core.mobsim.qsim.ActivityEngineDefaultImpl
2025-09-16T11:49:47,689  WARN QueueWithBuffer:504 Link 11684861260000f too small: enlarge storage capacity from: 2.5 Vehicles to: 3.226686132019484 Vehicles.  This is not fatal, but modifies the traffic flow dynamics.
2025-09-16T11:49:47,689  WARN QueueWithBuffer:504 Link 11684861370000f too small: enlarge storage capacity from: 5.082168651810155 Vehicles to: 5.41106342133666 Vehicles.  This is not fatal, but modifies the traffic flow dynamics.
2025-09-16T11:49:47,689  WARN QueueWithBuffer:504 Link 11684861380002f too small: enlarge storage capacity from: 5.168231806305252 Vehicles to: 7.0645611474655725 Vehicles.  This is not fatal, but modifies the traffic flow dynamics.
2025-09-16T11:49:47,689  WARN QueueWithBuffer:504 Link 11684861400001f too small: enlarge storage capacity from: 0.9316359890781375 Vehicles to: 1.8775205865151867 Vehicles.  This is not fatal, but modifies the traffic flow dynamics.
2025-09-16T11:49:47,690  WARN QueueWithBuffer:504 Link 1575956230001f too small: enlarge storage capacity from: 1.977926793343 Vehicles to: 3.568122511788965 Vehicles.  This is not fatal, but modifies the traffic flow dynamics.
2025-09-16T11:49:47,690  WARN QueueWithBuffer:504 Link 1580604820000f too small: enlarge storage capacity from: 1.5743310325208406 Vehicles to: 2.9597657026436295 Vehicles.  This is not fatal, but modifies the traffic flow dynamics.
2025-09-16T11:49:47,690  WARN QueueWithBuffer:504 Link 1580604820000r too small: enlarge storage capacity from: 1.5743310325208406 Vehicles to: 2.9597657026436295 Vehicles.  This is not fatal, but modifies the traffic flow dynamics.
2025-09-16T11:49:47,690  WARN QueueWithBuffer:504 Link 2610800120000f too small: enlarge storage capacity from: 1.5156761526042657 Vehicles to: 2.867057870664973 Vehicles.  This is not fatal, but modifies the traffic flow dynamics.
2025-09-16T11:49:47,691  WARN QueueWithBuffer:504 Link 319733850000f too small: enlarge storage capacity from: 1.5487911504155396 Vehicles to: 2.9195382591047636 Vehicles.  This is not fatal, but modifies the traffic flow dynamics.
2025-09-16T11:49:47,691  WARN QueueWithBuffer:504 Link 319737060000f too small: enlarge storage capacity from: 5.230616442220269 Vehicles to: 7.116123462120664 Vehicles.  This is not fatal, but modifies the traffic flow dynamics.
2025-09-16T11:49:47,691  WARN QueueWithBuffer:504 Link 319737250000f too small: enlarge storage capacity from: 6.8905392029233035 Vehicles to: 7.053529872837036 Vehicles.  This is not fatal, but modifies the traffic flow dynamics.
2025-09-16T11:49:47,691  WARN QueueWithBuffer:507 Additional warnings of this type are suppressed.
2025-09-16T11:49:47,692  INFO QSimProvider:131 Added MobsimEngine class org.matsim.core.mobsim.qsim.qnetsimengine.QNetsimEngineWithThreadpool
2025-09-16T11:49:47,692  INFO QSimProvider:143 Added DepartureHandler class org.matsim.core.mobsim.qsim.qnetsimengine.NetworkModeDepartureHandlerDefaultImpl
2025-09-16T11:49:47,692  INFO QSimProvider:131 Added MobsimEngine class org.matsim.core.mobsim.qsim.DefaultTeleportationEngine
2025-09-16T11:49:47,692  INFO QSimProvider:143 Added DepartureHandler class org.matsim.core.mobsim.qsim.DefaultTeleportationEngine
2025-09-16T11:49:47,693  INFO QSimProvider:149 Added AgentSource class org.matsim.core.mobsim.qsim.agents.PopulationAgentSource
2025-09-16T11:49:47,693  INFO MobsimListenerManager:50 calling addQueueSimulationListener
2025-09-16T11:49:47,693  INFO MobsimListenerManager:54   assigned class org.matsim.core.mobsim.framework.listeners.MobsimListener to interface org.matsim.core.mobsim.framework.listeners.MobsimBeforeSimStepListener
2025-09-16T11:49:47,693  INFO MobsimListenerManager:54   assigned class org.matsim.core.mobsim.framework.listeners.MobsimListener to interface org.matsim.core.mobsim.framework.listeners.MobsimListener
2025-09-16T11:49:47,693  INFO MobsimListenerManager:54   assigned class org.matsim.core.mobsim.framework.listeners.MobsimListener to interface org.matsim.core.mobsim.qsim.messagequeueengine.MessageQueueEngine
2025-09-16T11:49:47,693  INFO QSimProvider:155 Added MobsimListener class org.matsim.core.mobsim.qsim.messagequeueengine.MessageQueueEngine
2025-09-16T11:49:47,693  INFO QSimProvider:131 Added MobsimEngine class org.matsim.core.mobsim.qsim.pt.TransitQSimEngine
2025-09-16T11:49:47,693  INFO QSimProvider:143 Added DepartureHandler class org.matsim.core.mobsim.qsim.pt.TransitQSimEngine
2025-09-16T11:49:47,693  INFO QSimProvider:149 Added AgentSource class org.matsim.core.mobsim.qsim.pt.TransitQSimEngine
2025-09-16T11:49:47,694  INFO ReconstructingUmlaufBuilder:131 Generating UmlaufStuecke ...
2025-09-16T11:49:47,694  INFO ReconstructingUmlaufBuilder:144 ... done generating UmlaufStuecke
2025-09-16T11:49:47,697  INFO VehicleUtils:431 adding scenario element for allvehicles container
2025-09-16T11:49:47,697  INFO Counter:70 [VehiclesImpl] added vehicle # 1
2025-09-16T11:49:47,699  INFO AbstractQNetsimEngine:418 Assigned 259 nodes and 503 links to QSimEngineRunner #0
2025-09-16T11:49:47,699  INFO EventsManagerImpl:116  event # 1
2025-09-16T11:49:47,701  INFO EventsManagerImpl:116  event # 4
2025-09-16T11:49:47,703  INFO AbstractQNetsimEngine:356 SIMULATION (QNetsimEngine) AT 07:00:00 : #links=0 #nodes=1
2025-09-16T11:49:47,705  INFO QSim:552 SIMULATION (NEW QSim) AT 07:00:00 : #Veh=1 lost=0 simT=0.0s realT=0s; (s/r): 0.0
2025-09-16T11:49:47,710  WARN DefaultTurnAcceptanceLogic:55 Cannot move vehicle bus_1 from link 319733200010r to link 319733200010r
2025-09-16T11:49:47,712  INFO AbstractController$9:237 ### ITERATION 0 fires after mobsim event
2025-09-16T11:49:47,712  INFO Gbl:196 Thread performance: Thread=class org.matsim.core.events.SimStepParallelEventsManagerImpl$ProcessEventsRunnable0  cpu-time=0.003023sec
2025-09-16T11:49:47,712  INFO ControlerListenerManagerImpl:269 calling notifyAfterMobsim on org.matsim.analysis.LegTimesControlerListener with priority 0.0
2025-09-16T11:49:47,713  INFO LegTimesControlerListener:73 [0] average leg duration is: 0 seconds = 00:00:00
2025-09-16T11:49:47,713  INFO ControlerListenerManagerImpl:269 calling notifyAfterMobsim on org.matsim.core.events.MobsimScopeEventHandling with priority 0.0
2025-09-16T11:49:47,713  INFO ControlerListenerManagerImpl:269 calling notifyAfterMobsim on org.matsim.core.scoring.EventsToActivities$1 with priority 0.0
2025-09-16T11:49:47,714  INFO ControlerListenerManagerImpl:272 [it.0] all ControlerAfterMobsimListeners called.
2025-09-16T11:49:47,714  INFO AbstractController$4:162 ### ITERATION 0 fires scoring event
2025-09-16T11:49:47,714  INFO ControlerListenerManagerImpl:197 calling notifyScoring on org.matsim.core.scoring.PlansScoringImpl with priority 0.0
2025-09-16T11:49:47,715  INFO NewScoreAssignerImpl:60 it: 0 msaStart: null
2025-09-16T11:49:47,715  INFO ControlerListenerManagerImpl:209 [it.0] all ControlerScoringListeners called.
2025-09-16T11:49:47,715  INFO AbstractController$5:170 ### ITERATION 0 fires iteration end event
2025-09-16T11:49:47,715  INFO ControlerListenerManagerImpl:172 calling notifyIterationEnds on org.matsim.core.controler.corelisteners.EventsHandlingImpl with priority 0.0
2025-09-16T11:49:47,716  INFO EventsManagerImpl:164 removing Event-Handler: org.matsim.core.events.algorithms.EventWriterXML
2025-09-16T11:49:47,716  INFO EventsManagerImpl:164 removing Event-Handler: org.matsim.core.events.algorithms.EventWriterXML
2025-09-16T11:49:47,716  INFO ControlerListenerManagerImpl:172 calling notifyIterationEnds on org.matsim.core.scoring.PlansScoringImpl with priority 0.0
2025-09-16T11:49:47,716  INFO ControlerListenerManagerImpl:180 calling notifyIterationEnds on org.matsim.counts.CountsControlerListener with priority 0.0
2025-09-16T11:49:47,716  INFO ControlerListenerManagerImpl:180 calling notifyIterationEnds on org.matsim.analysis.ModeChoiceCoverageControlerListener with priority 0.0
2025-09-16T11:49:47,716  WARN ModeChoiceCoverageControlerListener:194 There are no trips conducted by the analyzed population. This should only be the case for tests. If you are running a simulation run,  this should not happen. Check your population.
2025-09-16T11:49:47,716  INFO ControlerListenerManagerImpl:180 calling notifyIterationEnds on org.matsim.analysis.ModeStatsControlerListener with priority 0.0
2025-09-16T11:49:47,716  INFO ModeStatsControlerListener:133 Mode shares over all 0.0 trips found. MainModeIdentifier: class org.matsim.core.router.DefaultAnalysisMainModeIdentifier
2025-09-16T11:49:47,717  INFO ControlerListenerManagerImpl:180 calling notifyIterationEnds on org.matsim.analysis.ScoreStatsControlerListener with priority 0.0
2025-09-16T11:49:47,717  INFO ScoreStatsControlerListener:154 -- avg. score of the executed plan of each agent: NaN
2025-09-16T11:49:47,718  INFO ScoreStatsControlerListener:155 -- avg. score of the worst plan of each agent: NaN
2025-09-16T11:49:47,718  INFO ScoreStatsControlerListener:156 -- avg. of the avg. plan score per agent: NaN
2025-09-16T11:49:47,718  INFO ScoreStatsControlerListener:157 -- avg. score of the best plan of each agent: NaN
2025-09-16T11:49:47,720  INFO ControlerListenerManagerImpl:180 calling notifyIterationEnds on org.matsim.analysis.IterationTravelStatsControlerListener with priority 0.0
2025-09-16T11:49:47,722  INFO TravelDistanceStats:115 -- average leg distance per plan (executed plans only): 0.0 meters
2025-09-16T11:49:47,722  INFO TravelDistanceStats:116 average leg distance per Person (executed plans only): NaN meters (statistic on all 0 legs which have a finite distance)
2025-09-16T11:49:47,722  INFO TravelDistanceStats:117 -- average trip distance per plan (executed plans only): 0.0 meters
2025-09-16T11:49:47,722  INFO TravelDistanceStats:118 average trip distance per Person (executed plans only): NaN meters (statistic on all 0 trips which have a finite distance)
2025-09-16T11:49:47,722  INFO TravelDistanceStats:119 (TravelDistanceStats takes an average over all legs where the simulation reports travelled (network) distances
2025-09-16T11:49:47,722  INFO TravelDistanceStats:120 (and teleported legs whose route contains a distance.)
2025-09-16T11:49:47,733  INFO ActivityWriter:39 Writing all Activities to activitiescsv
2025-09-16T11:49:47,735  INFO ActivityWriter:59 ...done
2025-09-16T11:49:47,735  INFO ControlerListenerManagerImpl:180 calling notifyIterationEnds on org.matsim.analysis.LegTimesControlerListener with priority 0.0
2025-09-16T11:49:47,735  INFO EventsManagerImpl:164 removing Event-Handler: org.matsim.analysis.CalcLegTimes
2025-09-16T11:49:47,735  INFO EventsManagerImpl:164 removing Event-Handler: org.matsim.analysis.CalcLegTimes
2025-09-16T11:49:47,735  INFO ControlerListenerManagerImpl:180 calling notifyIterationEnds on org.matsim.analysis.LegHistogramListener with priority 0.0
2025-09-16T11:49:47,741  INFO LegHistogramListener:78 number of legs:	0	100%
2025-09-16T11:49:48,278  INFO ControlerListenerManagerImpl:180 calling notifyIterationEnds on org.matsim.analysis.LinkStatsControlerListener with priority 0.0
2025-09-16T11:49:48,278  INFO ControlerListenerManagerImpl:184 [it.0] all ControlerIterationEndsListeners called.
2025-09-16T11:49:48,329  INFO AbstractController:184 ### ITERATION 0 ENDS
2025-09-16T11:49:48,329  INFO AbstractController:185 ###################################################
2025-09-16T11:49:48,329  INFO MatsimRuntimeModifications:80 S H U T D O W N   ---   start shutdown.
2025-09-16T11:49:48,330  INFO ControlerListenerManagerImpl:128 calling notifyShutdown on org.matsim.core.controler.corelisteners.EventsHandlingImpl with priority 0.0
2025-09-16T11:49:48,330  INFO ControlerListenerManagerImpl:128 calling notifyShutdown on org.matsim.core.controler.corelisteners.DumpDataAtEndImpl with priority 0.0
2025-09-16T11:49:48,331  INFO Counter:75 [ParallelPopulationWriterV6] dumped person # 0
2025-09-16T11:49:48,331  INFO PopulationWriter:150 Population written to: output/visualize/output_plans.xml.gz
2025-09-16T11:49:48,331  INFO Counter:75 [PopulationWriter] dumped person # 0
2025-09-16T11:49:48,332  INFO NetworkWriter:70 Writing network to file: output/visualize/output_network.xml.gz...
2025-09-16T11:49:48,343  INFO NetworkWriter:73 done.
2025-09-16T11:49:48,345  INFO Config:461 setting context to [file:/Users/sand/2025_1/CAPSTONE/git/matsim-example-project/data/]
2025-09-16T11:49:48,347  INFO Config:461 setting context to [file:/Users/sand/2025_1/CAPSTONE/git/matsim-example-project/data/]
2025-09-16T11:49:48,348  INFO Config:461 setting context to [file:/Users/sand/2025_1/CAPSTONE/git/matsim-example-project/data/]
2025-09-16T11:49:48,349  INFO Config:461 setting context to [file:/Users/sand/2025_1/CAPSTONE/git/matsim-example-project/data/]
2025-09-16T11:49:48,350  INFO Config:461 setting context to [file:/Users/sand/2025_1/CAPSTONE/git/matsim-example-project/data/]
2025-09-16T11:49:48,351  INFO Config:461 setting context to [file:/Users/sand/2025_1/CAPSTONE/git/matsim-example-project/data/]
2025-09-16T11:49:48,352  INFO Config:461 setting context to [file:/Users/sand/2025_1/CAPSTONE/git/matsim-example-project/data/]
2025-09-16T11:49:48,353  INFO Config:461 setting context to [file:/Users/sand/2025_1/CAPSTONE/git/matsim-example-project/data/]
2025-09-16T11:49:48,354  INFO Config:461 setting context to [file:/Users/sand/2025_1/CAPSTONE/git/matsim-example-project/data/]
2025-09-16T11:49:48,354  INFO Config:461 setting context to [file:/Users/sand/2025_1/CAPSTONE/git/matsim-example-project/data/]
2025-09-16T11:49:48,355  INFO Config:461 setting context to [file:/Users/sand/2025_1/CAPSTONE/git/matsim-example-project/data/]
2025-09-16T11:49:48,356  INFO Config:461 setting context to [file:/Users/sand/2025_1/CAPSTONE/git/matsim-example-project/data/]
2025-09-16T11:49:48,356  INFO Config:461 setting context to [file:/Users/sand/2025_1/CAPSTONE/git/matsim-example-project/data/]
2025-09-16T11:49:48,358  INFO Config:461 setting context to [file:/Users/sand/2025_1/CAPSTONE/git/matsim-example-project/data/]
2025-09-16T11:49:48,358  INFO Config:461 setting context to [file:/Users/sand/2025_1/CAPSTONE/git/matsim-example-project/data/]
2025-09-16T11:49:48,359  INFO Config:461 setting context to [file:/Users/sand/2025_1/CAPSTONE/git/matsim-example-project/data/]
2025-09-16T11:49:48,360  INFO Config:461 setting context to [file:/Users/sand/2025_1/CAPSTONE/git/matsim-example-project/data/]
2025-09-16T11:49:48,360  INFO Config:461 setting context to [file:/Users/sand/2025_1/CAPSTONE/git/matsim-example-project/data/]
2025-09-16T11:49:48,363  INFO Config:461 setting context to [file:/Users/sand/2025_1/CAPSTONE/git/matsim-example-project/data/]
2025-09-16T11:49:48,364  INFO Config:461 setting context to [file:/Users/sand/2025_1/CAPSTONE/git/matsim-example-project/data/]
2025-09-16T11:49:48,364  INFO Config:461 setting context to [file:/Users/sand/2025_1/CAPSTONE/git/matsim-example-project/data/]
2025-09-16T11:49:48,365  INFO Config:461 setting context to [file:/Users/sand/2025_1/CAPSTONE/git/matsim-example-project/data/]
2025-09-16T11:49:48,365  INFO Config:461 setting context to [file:/Users/sand/2025_1/CAPSTONE/git/matsim-example-project/data/]
2025-09-16T11:49:48,366  INFO Config:461 setting context to [file:/Users/sand/2025_1/CAPSTONE/git/matsim-example-project/data/]
2025-09-16T11:49:48,367  INFO Config:461 setting context to [file:/Users/sand/2025_1/CAPSTONE/git/matsim-example-project/data/]
2025-09-16T11:49:48,367  INFO Config:461 setting context to [file:/Users/sand/2025_1/CAPSTONE/git/matsim-example-project/data/]
2025-09-16T11:49:48,370  INFO TransitScheduleWriter:89 about to write transit schedule to: output/visualize/output_transitSchedule.xml.gz
2025-09-16T11:49:48,372  INFO MatsimVehicleWriter:49 about to write vehicles to: output/visualize/output_transitVehicles.xml.gz
2025-09-16T11:49:48,372  INFO VehicleWriterV2:64 about to write vehicles to: output/visualize/output_transitVehicles.xml.gz
2025-09-16T11:49:48,372  INFO MatsimVehicleWriter:49 about to write vehicles to: output/visualize/output_vehicles.xml.gz
2025-09-16T11:49:48,372  INFO VehicleWriterV2:64 about to write vehicles to: output/visualize/output_vehicles.xml.gz
2025-09-16T11:49:48,373  INFO MatsimVehicleWriter:49 about to write vehicles to: output/visualize/output_allVehicles.xml.gz
2025-09-16T11:49:48,373  INFO VehicleWriterV2:64 about to write vehicles to: output/visualize/output_allVehicles.xml.gz
2025-09-16T11:49:48,374  INFO HouseholdsWriterV10:66 about to write  households to: output/visualize/output_households.xml.gz
2025-09-16T11:49:48,374  INFO Counter:75 [HouseholdsWriter] wrote household # 0
2025-09-16T11:49:48,375  INFO CountsWriterV2:45 Write Counts to output/visualize/output_counts.xml.gz
2025-09-16T11:49:48,380  INFO ControlerListenerManagerImpl:135 calling notifyShutdown on org.matsim.analysis.ModeChoiceCoverageControlerListener with priority 0.0
2025-09-16T11:49:48,380  INFO ControlerListenerManagerImpl:135 calling notifyShutdown on org.matsim.analysis.ScoreStatsControlerListener with priority 0.0
2025-09-16T11:49:48,380  INFO ControlerListenerManagerImpl:135 calling notifyShutdown on org.matsim.analysis.IterationTravelStatsControlerListener with priority 0.0
2025-09-16T11:49:48,380  INFO PersonWriter:36 Writing all Persons to personscsv
2025-09-16T11:49:48,382  INFO PersonWriter:54 ...done
2025-09-16T11:49:48,382  INFO ControlerListenerManagerImpl:135 calling notifyShutdown on org.matsim.analysis.LinkStatsControlerListener with priority 0.0
2025-09-16T11:49:48,393  INFO ControlerListenerManagerImpl:138 all ControlerShutdownListeners called.
2025-09-16T11:49:48,393  INFO MatsimRuntimeModifications:103 S H U T D O W N   ---   shutdown completed.
2025-09-16T11:49:48,393  INFO OutputDirectoryLogging:173 closing the logfile, i.e. messages sent to the logger after this message are not written to the logfile.
