2025-09-16T11:49:47,604  WARN RandomizingTimeDistanceTravelDisutilityFactory:113 There will be no routing randomness. The randomization of the travel disutility requires the monetary distance rate to be different than zero. Continuing anyway.
2025-09-16T11:49:47,604  WARN RandomizingTimeDistanceTravelDisutilityFactory:118 There will be no routing randomness. The randomization of the travel disutility requires the travel time cost rate to be different than zero. Continuing anyway.
2025-09-16T11:49:47,614  WARN NetworkRoutingProvider:137 [mode: car; routingMode: car] Using deprecated routing module without access/egress. Consider using AccessEgressNetworkRouter instead.
2025-09-16T11:49:47,622  WARN NetworkRoutingProvider:137 [mode: car; routingMode: car] Using deprecated routing module without access/egress. Consider using AccessEgressNetworkRouter instead.
2025-09-16T11:49:47,651  WARN NetworkRoutingProvider:137 [mode: car; routingMode: car] Using deprecated routing module without access/egress. Consider using AccessEgressNetworkRouter instead.
2025-09-16T11:49:47,651  WARN NetworkRoutingProvider:137 [mode: car; routingMode: car] Using deprecated routing module without access/egress. Consider using AccessEgressNetworkRouter instead.
2025-09-16T11:49:47,689  WARN QueueWithBuffer:504 Link 11684861260000f too small: enlarge storage capacity from: 2.5 Vehicles to: 3.226686132019484 Vehicles.  This is not fatal, but modifies the traffic flow dynamics.
2025-09-16T11:49:47,689  WARN QueueWithBuffer:504 Link 11684861370000f too small: enlarge storage capacity from: 5.082168651810155 Vehicles to: 5.41106342133666 Vehicles.  This is not fatal, but modifies the traffic flow dynamics.
2025-09-16T11:49:47,689  WARN QueueWithBuffer:504 Link 11684861380002f too small: enlarge storage capacity from: 5.168231806305252 Vehicles to: 7.0645611474655725 Vehicles.  This is not fatal, but modifies the traffic flow dynamics.
2025-09-16T11:49:47,689  WARN QueueWithBuffer:504 Link 11684861400001f too small: enlarge storage capacity from: 0.9316359890781375 Vehicles to: 1.8775205865151867 Vehicles.  This is not fatal, but modifies the traffic flow dynamics.
2025-09-16T11:49:47,690  WARN QueueWithBuffer:504 Link 1575956230001f too small: enlarge storage capacity from: 1.977926793343 Vehicles to: 3.568122511788965 Vehicles.  This is not fatal, but modifies the traffic flow dynamics.
2025-09-16T11:49:47,690  WARN QueueWithBuffer:504 Link 1580604820000f too small: enlarge storage capacity from: 1.5743310325208406 Vehicles to: 2.9597657026436295 Vehicles.  This is not fatal, but modifies the traffic flow dynamics.
2025-09-16T11:49:47,690  WARN QueueWithBuffer:504 Link 1580604820000r too small: enlarge storage capacity from: 1.5743310325208406 Vehicles to: 2.9597657026436295 Vehicles.  This is not fatal, but modifies the traffic flow dynamics.
2025-09-16T11:49:47,690  WARN QueueWithBuffer:504 Link 2610800120000f too small: enlarge storage capacity from: 1.5156761526042657 Vehicles to: 2.867057870664973 Vehicles.  This is not fatal, but modifies the traffic flow dynamics.
2025-09-16T11:49:47,691  WARN QueueWithBuffer:504 Link 319733850000f too small: enlarge storage capacity from: 1.5487911504155396 Vehicles to: 2.9195382591047636 Vehicles.  This is not fatal, but modifies the traffic flow dynamics.
2025-09-16T11:49:47,691  WARN QueueWithBuffer:504 Link 319737060000f too small: enlarge storage capacity from: 5.230616442220269 Vehicles to: 7.116123462120664 Vehicles.  This is not fatal, but modifies the traffic flow dynamics.
2025-09-16T11:49:47,691  WARN QueueWithBuffer:504 Link 319737250000f too small: enlarge storage capacity from: 6.8905392029233035 Vehicles to: 7.053529872837036 Vehicles.  This is not fatal, but modifies the traffic flow dynamics.
2025-09-16T11:49:47,691  WARN QueueWithBuffer:507 Additional warnings of this type are suppressed.
2025-09-16T11:49:47,710  WARN DefaultTurnAcceptanceLogic:55 Cannot move vehicle bus_1 from link 319733200010r to link 319733200010r
2025-09-16T11:49:47,716  WARN ModeChoiceCoverageControlerListener:194 There are no trips conducted by the analyzed population. This should only be the case for tests. If you are running a simulation run,  this should not happen. Check your population.
